# JRE version: OpenJDK Runtime Environment (17.0.7) (build 17.0.7+0-b2043.56-10550314)
# Java VM: OpenJDK 64-Bit Server VM (17.0.7+0-b2043.56-10550314, mixed mode, tiered, compressed oops, compressed class ptrs, g1 gc, windows-amd64)
GC Precious Log:
 CPUs: 8 total, 8 available
 Memory: 8029M
 Large Page Support: Disabled
 NUMA Support: Disabled
 Compressed Oops: Enabled (32-bit)
 Heap Region Size: 1M
 Heap Min Capacity: 8M
 Heap Initial Capacity: 126M
 Heap Max Capacity: 2G
 Pre-touch: Disabled
 Parallel Workers: 8
 Concurrent Workers: 2
 Concurrent Refinement Workers: 8
 Periodic GC: Disabled
Heap:
 garbage-first heap   total 348160K, used 136247K [0x0000000080000000, 0x0000000100000000)
  region size 1024K, 9 young (9216K), 9 survivors (9216K)
 Metaspace       used 119338K, committed 120064K, reserved 1179648K
  class space    used 16339K, committed 16704K, reserved 1048576K
GC Heap History (20 events):
Event: 12.030 GC heap after
{Heap after GC invocations=32 (full 0):
 garbage-first heap   total 348160K, used 95699K [0x0000000080000000, 0x0000000100000000)
  region size 1024K, 1 young (1024K), 1 survivors (1024K)
 Metaspace       used 99695K, committed 100352K, reserved 1179648K
  class space    used 13551K, committed 13888K, reserved 1048576K
}
Event: 13.320 GC heap before
{Heap before GC invocations=32 (full 0):
 garbage-first heap   total 348160K, used 272851K [0x0000000080000000, 0x0000000100000000)
  region size 1024K, 175 young (179200K), 1 survivors (1024K)
 Metaspace       used 109295K, committed 109952K, reserved 1179648K
  class space    used 14929K, committed 15232K, reserved 1048576K
}
Event: 13.335 GC heap after
{Heap after GC invocations=33 (full 0):
 garbage-first heap   total 348160K, used 112418K [0x0000000080000000, 0x0000000100000000)
  region size 1024K, 18 young (18432K), 18 survivors (18432K)
 Metaspace       used 109295K, committed 109952K, reserved 1179648K
  class space    used 14929K, committed 15232K, reserved 1048576K
}
Event: 14.051 GC heap before
{Heap before GC invocations=34 (full 0):
 garbage-first heap   total 348160K, used 262946K [0x0000000080000000, 0x0000000100000000)
  region size 1024K, 165 young (168960K), 18 survivors (18432K)
 Metaspace       used 116430K, committed 117056K, reserved 1179648K
  class space    used 16092K, committed 16384K, reserved 1048576K
}
Event: 14.066 GC heap after
{Heap after GC invocations=35 (full 0):
 garbage-first heap   total 348160K, used 119876K [0x0000000080000000, 0x0000000100000000)
  region size 1024K, 8 young (8192K), 8 survivors (8192K)
 Metaspace       used 116430K, committed 117056K, reserved 1179648K
  class space    used 16092K, committed 16384K, reserved 1048576K
}
Event: 14.108 GC heap before
{Heap before GC invocations=35 (full 0):
 garbage-first heap   total 348160K, used 128068K [0x0000000080000000, 0x0000000100000000)
  region size 1024K, 17 young (17408K), 8 survivors (8192K)
 Metaspace       used 116532K, committed 117312K, reserved 1179648K
  class space    used 16106K, committed 16448K, reserved 1048576K
}
Event: 14.115 GC heap after
{Heap after GC invocations=36 (full 0):
 garbage-first heap   total 348160K, used 119494K [0x0000000080000000, 0x0000000100000000)
  region size 1024K, 2 young (2048K), 2 survivors (2048K)
 Metaspace       used 116532K, committed 117312K, reserved 1179648K
  class space    used 16106K, committed 16448K, reserved 1048576K
}
Event: 14.649 GC heap before
{Heap before GC invocations=36 (full 0):
 garbage-first heap   total 348160K, used 271046K [0x0000000080000000, 0x0000000100000000)
  region size 1024K, 150 young (153600K), 2 survivors (2048K)
 Metaspace       used 117221K, committed 117952K, reserved 1179648K
  class space    used 16208K, committed 16512K, reserved 1048576K
}
Event: 14.653 GC heap after
{Heap after GC invocations=37 (full 0):
 garbage-first heap   total 348160K, used 119789K [0x0000000080000000, 0x0000000100000000)
  region size 1024K, 2 young (2048K), 2 survivors (2048K)
 Metaspace       used 117221K, committed 117952K, reserved 1179648K
  class space    used 16208K, committed 16512K, reserved 1048576K
}
Event: 15.212 GC heap before
{Heap before GC invocations=38 (full 0):
 garbage-first heap   total 348160K, used 281581K [0x0000000080000000, 0x0000000100000000)
  region size 1024K, 160 young (163840K), 2 survivors (2048K)
 Metaspace       used 117857K, committed 118528K, reserved 1179648K
  class space    used 16212K, committed 16512K, reserved 1048576K
}
Event: 15.216 GC heap after
{Heap after GC invocations=39 (full 0):
 garbage-first heap   total 348160K, used 120491K [0x0000000080000000, 0x0000000100000000)
  region size 1024K, 3 young (3072K), 3 survivors (3072K)
 Metaspace       used 117857K, committed 118528K, reserved 1179648K
  class space    used 16212K, committed 16512K, reserved 1048576K
}
Event: 15.251 GC heap before
{Heap before GC invocations=39 (full 0):
 garbage-first heap   total 348160K, used 134827K [0x0000000080000000, 0x0000000100000000)
  region size 1024K, 17 young (17408K), 3 survivors (3072K)
 Metaspace       used 117886K, committed 118528K, reserved 1179648K
  class space    used 16214K, committed 16512K, reserved 1048576K
}
Event: 15.256 GC heap after
{Heap after GC invocations=40 (full 0):
 garbage-first heap   total 348160K, used 119262K [0x0000000080000000, 0x0000000100000000)
  region size 1024K, 2 young (2048K), 2 survivors (2048K)
 Metaspace       used 117886K, committed 118528K, reserved 1179648K
  class space    used 16214K, committed 16512K, reserved 1048576K
}
Event: 15.564 GC heap before
{Heap before GC invocations=40 (full 0):
 garbage-first heap   total 348160K, used 288222K [0x0000000080000000, 0x0000000100000000)
  region size 1024K, 167 young (171008K), 2 survivors (2048K)
 Metaspace       used 118137K, committed 118848K, reserved 1179648K
  class space    used 16233K, committed 16576K, reserved 1048576K
}
Event: 15.567 GC heap after
{Heap after GC invocations=41 (full 0):
 garbage-first heap   total 348160K, used 120427K [0x0000000080000000, 0x0000000100000000)
  region size 1024K, 3 young (3072K), 3 survivors (3072K)
 Metaspace       used 118137K, committed 118848K, reserved 1179648K
  class space    used 16233K, committed 16576K, reserved 1048576K
}
Event: 15.898 GC heap before
{Heap before GC invocations=42 (full 0):
 garbage-first heap   total 348160K, used 291435K [0x0000000080000000, 0x0000000100000000)
  region size 1024K, 170 young (174080K), 3 survivors (3072K)
 Metaspace       used 118367K, committed 119104K, reserved 1179648K
  class space    used 16242K, committed 16576K, reserved 1048576K
}
Event: 15.902 GC heap after
{Heap after GC invocations=43 (full 0):
 garbage-first heap   total 348160K, used 121052K [0x0000000080000000, 0x0000000100000000)
  region size 1024K, 3 young (3072K), 3 survivors (3072K)
 Metaspace       used 118367K, committed 119104K, reserved 1179648K
  class space    used 16242K, committed 16576K, reserved 1048576K
}
Event: 15.940 GC heap before
{Heap before GC invocations=43 (full 0):
 garbage-first heap   total 348160K, used 135388K [0x0000000080000000, 0x0000000100000000)
  region size 1024K, 17 young (17408K), 3 survivors (3072K)
 Metaspace       used 118431K, committed 119168K, reserved 1179648K
  class space    used 16242K, committed 16576K, reserved 1048576K
}
Event: 15.946 GC heap after
{Heap after GC invocations=44 (full 0):
 garbage-first heap   total 348160K, used 119562K [0x0000000080000000, 0x0000000100000000)
  region size 1024K, 2 young (2048K), 2 survivors (2048K)
 Metaspace       used 118431K, committed 119168K, reserved 1179648K
  class space    used 16242K, committed 16576K, reserved 1048576K
}
Event: 16.639 GC heap before
{Heap before GC invocations=44 (full 0):
 garbage-first heap   total 348160K, used 299786K [0x0000000080000000, 0x0000000100000000)
  region size 1024K, 168 young (172032K), 2 survivors (2048K)
 Metaspace       used 119338K, committed 120064K, reserved 1179648K
  class space    used 16339K, committed 16704K, reserved 1048576K
}

